TN:
SF:src/dish.ts
FN:19,(anonymous_0)
FN:23,(anonymous_1)
FN:25,(anonymous_2)
FN:31,(anonymous_3)
FN:33,(anonymous_4)
FN:39,(anonymous_5)
FN:41,(anonymous_6)
FN:47,(anonymous_7)
FN:52,(anonymous_8)
FN:53,(anonymous_9)
FN:68,(anonymous_10)
FN:70,(anonymous_11)
FN:90,(anonymous_12)
FNF:13
FNH:12
FNDA:3,(anonymous_0)
FNDA:3,(anonymous_1)
FNDA:15,(anonymous_2)
FNDA:3,(anonymous_3)
FNDA:15,(anonymous_4)
FNDA:3,(anonymous_5)
FNDA:15,(anonymous_6)
FNDA:3,(anonymous_7)
FNDA:15,(anonymous_8)
FNDA:45,(anonymous_9)
FNDA:1,(anonymous_10)
FNDA:5,(anonymous_11)
FNDA:0,(anonymous_12)
DA:18,1
DA:19,3
DA:20,3
DA:21,3
DA:24,3
DA:25,3
DA:26,15
DA:28,3
DA:32,3
DA:33,3
DA:34,15
DA:36,3
DA:40,3
DA:41,3
DA:42,15
DA:44,3
DA:48,3
DA:49,3
DA:50,3
DA:51,3
DA:52,3
DA:53,15
DA:54,45
DA:55,15
DA:56,45
DA:57,15
DA:58,45
DA:59,15
DA:60,45
DA:61,0
DA:64,3
DA:65,3
DA:69,1
DA:70,1
DA:71,5
DA:74,1
DA:75,1
DA:76,1
DA:78,1
DA:79,5
DA:80,15
DA:81,15
DA:82,1
DA:83,1
DA:86,5
DA:88,1
DA:89,0
DA:90,0
DA:91,0
DA:94,1
LF:50
LH:46
BRDA:54,0,0,15
BRDA:54,0,1,30
BRDA:56,1,0,15
BRDA:56,1,1,30
BRDA:58,2,0,15
BRDA:58,2,1,30
BRDA:60,3,0,0
BRDA:60,3,1,45
BRDA:80,4,0,6
BRDA:80,4,1,9
BRDA:81,5,0,1
BRDA:81,5,1,14
BRDA:88,6,0,0
BRDA:88,6,1,1
BRDA:90,7,0,0
BRDA:90,7,1,0
BRDA:90,8,0,0
BRDA:90,8,1,0
BRF:18
BRH:12
end_of_record
TN:
SF:src/ingredient.ts
FN:21,(anonymous_0)
FNF:1
FNH:1
FNDA:14,(anonymous_0)
DA:20,1
DA:21,14
DA:22,14
DA:23,14
DA:24,14
DA:25,14
DA:26,14
DA:27,14
LF:8
LH:8
BRF:0
BRH:0
end_of_record
TN:
SF:src/menu.ts
FN:18,(anonymous_0)
FN:24,(anonymous_1)
FN:27,(anonymous_2)
FN:33,(anonymous_3)
FN:40,(anonymous_4)
FN:44,(anonymous_5)
FN:45,(anonymous_6)
FN:53,(anonymous_7)
FN:55,(anonymous_8)
FN:61,(anonymous_9)
FN:63,(anonymous_10)
FN:69,(anonymous_11)
FN:71,(anonymous_12)
FN:77,(anonymous_13)
FN:82,(anonymous_14)
FN:83,(anonymous_15)
FN:94,(anonymous_16)
FN:96,(anonymous_17)
FN:98,(anonymous_18)
FN:106,(anonymous_19)
FNF:20
FNH:17
FNDA:1,(anonymous_0)
FNDA:2,(anonymous_1)
FNDA:4,(anonymous_2)
FNDA:8,(anonymous_3)
FNDA:0,(anonymous_4)
FNDA:0,(anonymous_5)
FNDA:0,(anonymous_6)
FNDA:1,(anonymous_7)
FNDA:2,(anonymous_8)
FNDA:1,(anonymous_9)
FNDA:2,(anonymous_10)
FNDA:1,(anonymous_11)
FNDA:2,(anonymous_12)
FNDA:1,(anonymous_13)
FNDA:2,(anonymous_14)
FNDA:8,(anonymous_15)
FNDA:1,(anonymous_16)
FNDA:2,(anonymous_17)
FNDA:10,(anonymous_18)
FNDA:1,(anonymous_19)
DA:17,1
DA:18,1
DA:19,1
DA:20,1
DA:25,2
DA:26,2
DA:27,2
DA:28,4
DA:29,4
DA:30,4
DA:31,4
DA:33,2
DA:34,8
DA:36,2
DA:37,2
DA:41,0
DA:45,0
DA:46,0
DA:47,0
DA:48,0
DA:54,1
DA:55,1
DA:56,2
DA:58,1
DA:62,1
DA:63,1
DA:64,2
DA:66,1
DA:70,1
DA:71,1
DA:72,2
DA:74,1
DA:78,1
DA:79,1
DA:80,1
DA:81,1
DA:82,1
DA:83,2
DA:84,8
DA:85,8
DA:86,8
DA:87,8
DA:90,1
DA:91,1
DA:95,1
DA:96,1
DA:97,2
DA:98,2
DA:99,10
DA:101,2
DA:103,1
DA:107,1
LF:52
LH:47
BRDA:19,0,0,1
BRDA:19,0,1,0
BRDA:28,1,0,2
BRDA:28,1,1,2
BRDA:29,2,0,0
BRDA:29,2,1,4
BRDA:30,3,0,2
BRDA:30,3,1,2
BRDA:31,4,0,0
BRDA:31,4,1,4
BRDA:34,5,0,4
BRDA:34,5,1,4
BRDA:36,6,0,0
BRDA:36,6,1,2
BRDA:46,7,0,0
BRDA:46,7,1,0
BRDA:48,8,0,0
BRDA:48,8,1,0
BRDA:84,9,0,2
BRDA:84,9,1,6
BRDA:85,10,0,2
BRDA:85,10,1,6
BRDA:86,11,0,2
BRDA:86,11,1,6
BRDA:87,12,0,2
BRDA:87,12,1,6
BRF:26
BRH:18
end_of_record
